This is pdfTeX, Version 3.141592653-2.6-1.40.23 (MiKTeX 21.10) (preloaded format=pdflatex 2021.11.18)  25 NOV 2021 17:20
entering extended mode
**d:/Universidad/Tercero/ISE/Practica3/Practica3.tex
(d:/Universidad/Tercero/ISE/Practica3/Practica3.tex
LaTeX2e <2021-11-15>
L3 programming layer <2021-11-12> (D:\Universidad\Latex\tex/latex/base\article.cls
Document Class: article 2021/10/04 v1.4n Standard LaTeX document class
(D:\Universidad\Latex\tex/latex/base\size10.clo
File: size10.clo 2021/10/04 v1.4n Standard LaTeX file (size option)
)
\c@part=\count183
\c@section=\count184
\c@subsection=\count185
\c@subsubsection=\count186
\c@paragraph=\count187
\c@subparagraph=\count188
\c@figure=\count189
\c@table=\count190
\abovecaptionskip=\skip47
\belowcaptionskip=\skip48
\bibindent=\dimen138
) (D:\Universidad\Latex\tex/generic/babel\babel.sty
Package: babel 2021/11/08 3.66 The Babel package
\babel@savecnt=\count191
\U@D=\dimen139
\l@unhyphenated=\language79
 (D:\Universidad\Latex\tex/generic/babel\txtbabel.def)
\bbl@readstream=\read2
\bbl@dirlevel=\count192

*************************************
* Local config file bblopts.cfg used
*
(D:\Universidad\Latex\tex/latex/arabi\bblopts.cfg
File: bblopts.cfg 2005/09/08 v0.1 add Arabic and Farsi to "declared" options of babel
) (D:\Universidad\Latex\tex/latex/babel-spanish\spanish.ldf
Language: spanish.ldf 2021/05/27 v5.0q Spanish support from the babel system
\es@quottoks=\toks16
\es@quotdepth=\count193
Package babel Info: Making " an active character on input line 570.
Package babel Info: Making . an active character on input line 675.
Package babel Info: Making < an active character on input line 722.
Package babel Info: Making > an active character on input line 722.
)) (D:\Universidad\Latex\tex/latex/graphics\color.sty
Package: color 2021/10/11 v1.3b Standard LaTeX Color (DPC)
 (D:\Universidad\Latex\tex/latex/graphics-cfg\color.cfg
File: color.cfg 2016/01/02 v1.6 sample color configuration
)
Package color Info: Driver file: pdftex.def on input line 149.
 (D:\Universidad\Latex\tex/latex/graphics-def\pdftex.def
File: pdftex.def 2020/10/05 v1.2a Graphics/color driver for pdftex
) (D:\Universidad\Latex\tex/latex/graphics\dvipsnam.def
File: dvipsnam.def 2016/06/17 v3.0m Driver-dependent file (DPC,SPQR)
)) (D:\Universidad\Latex\tex/latex/tools\multicol.sty
Package: multicol 2021/10/28 v1.9b multicolumn formatting (FMi)
\c@tracingmulticols=\count194
\mult@box=\box50
\multicol@leftmargin=\dimen140
\c@unbalance=\count195
\c@collectmore=\count196
\doublecol@number=\count197
\multicoltolerance=\count198
\multicolpretolerance=\count199
\full@width=\dimen141
\page@free=\dimen142
\premulticols=\dimen143
\postmulticols=\dimen144
\multicolsep=\skip49
\multicolbaselineskip=\skip50
\partial@page=\box51
\last@line=\box52
\maxbalancingoverflow=\dimen145
\mult@rightbox=\box53
\mult@grightbox=\box54
\mult@firstbox=\box55
\mult@gfirstbox=\box56
\@tempa=\box57
\@tempa=\box58
\@tempa=\box59
\@tempa=\box60
\@tempa=\box61
\@tempa=\box62
\@tempa=\box63
\@tempa=\box64
\@tempa=\box65
\@tempa=\box66
\@tempa=\box67
\@tempa=\box68
\@tempa=\box69
\@tempa=\box70
\@tempa=\box71
\@tempa=\box72
\@tempa=\box73
\@tempa=\box74
\@tempa=\box75
\@tempa=\box76
\@tempa=\box77
\@tempa=\box78
\@tempa=\box79
\@tempa=\box80
\@tempa=\box81
\@tempa=\box82
\@tempa=\box83
\@tempa=\box84
\@tempa=\box85
\@tempa=\box86
\@tempa=\box87
\@tempa=\box88
\@tempa=\box89
\@tempa=\box90
\@tempa=\box91
\@tempa=\box92
\c@minrows=\count266
\c@columnbadness=\count267
\c@finalcolumnbadness=\count268
\last@try=\dimen146
\multicolovershoot=\dimen147
\multicolundershoot=\dimen148
\mult@nat@firstbox=\box93
\colbreak@box=\box94
\mc@col@check@num=\count269
) (D:\Universidad\Latex\tex/latex/graphics\graphicx.sty
Package: graphicx 2021/09/16 v1.2d Enhanced LaTeX Graphics (DPC,SPQR)
 (D:\Universidad\Latex\tex/latex/graphics\keyval.sty
Package: keyval 2014/10/28 v1.15 key=value parser (DPC)
\KV@toks@=\toks17
) (D:\Universidad\Latex\tex/latex/graphics\graphics.sty
Package: graphics 2021/03/04 v1.4d Standard LaTeX Graphics (DPC,SPQR)
 (D:\Universidad\Latex\tex/latex/graphics\trig.sty
Package: trig 2021/08/11 v1.11 sin cos tan (DPC)
) (D:\Universidad\Latex\tex/latex/graphics-cfg\graphics.cfg
File: graphics.cfg 2016/06/04 v1.11 sample graphics configuration
)
Package graphics Info: Driver file: pdftex.def on input line 107.
)
\Gin@req@height=\dimen149
\Gin@req@width=\dimen150
) (D:\Universidad\Latex\tex/latex/listings\listings.sty
\lst@mode=\count270
\lst@gtempboxa=\box95
\lst@token=\toks18
\lst@length=\count271
\lst@currlwidth=\dimen151
\lst@column=\count272
\lst@pos=\count273
\lst@lostspace=\dimen152
\lst@width=\dimen153
\lst@newlines=\count274
\lst@lineno=\count275
\lst@maxwidth=\dimen154
 (D:\Universidad\Latex\tex/latex/listings\lstmisc.sty
File: lstmisc.sty 2020/03/24 1.8d (Carsten Heinz)
\c@lstnumber=\count276
\lst@skipnumbers=\count277
\lst@framebox=\box96
) (D:\Universidad\Latex\tex/latex/listings\listings.cfg
File: listings.cfg 2020/03/24 1.8d listings configuration
))
Package: listings 2020/03/24 1.8d (Carsten Heinz)
 (D:\Universidad\Latex\tex/latex/listings\lstlang1.sty
File: lstlang1.sty 2020/03/24 1.8d listings language file
) (D:\Universidad\Latex\tex/latex/listings\lstlang1.sty
File: lstlang1.sty 2020/03/24 1.8d listings language file
) (D:\Universidad\Latex\tex/latex/l3backend\l3backend-pdftex.def
File: l3backend-pdftex.def 2021-10-18 L3 backend support: PDF output (pdfTeX)
\l__color_backend_stack_int=\count278
\l__pdf_internal_box=\box97
) (Practica3.aux
LaTeX Info: Redefining \. on input line 8.
LaTeX Info: Redefining \% on input line 8.
)
\openout1 = `Practica3.aux'.

LaTeX Font Info:    Checking defaults for OML/cmm/m/it on input line 42.
LaTeX Font Info:    ... okay on input line 42.
LaTeX Font Info:    Checking defaults for OMS/cmsy/m/n on input line 42.
LaTeX Font Info:    ... okay on input line 42.
LaTeX Font Info:    Checking defaults for OT1/cmr/m/n on input line 42.
LaTeX Font Info:    ... okay on input line 42.
LaTeX Font Info:    Checking defaults for T1/cmr/m/n on input line 42.
LaTeX Font Info:    ... okay on input line 42.
LaTeX Font Info:    Checking defaults for TS1/cmr/m/n on input line 42.
LaTeX Font Info:    ... okay on input line 42.
LaTeX Font Info:    Checking defaults for OMX/cmex/m/n on input line 42.
LaTeX Font Info:    ... okay on input line 42.
LaTeX Font Info:    Checking defaults for U/cmr/m/n on input line 42.
LaTeX Font Info:    ... okay on input line 42.
LaTeX Info: Redefining \. on input line 42.
LaTeX Info: Redefining \% on input line 42.
 (D:\Universidad\Latex\tex/context/base/mkii\supp-pdf.mkii
[Loading MPS to PDF converter (version 2006.09.02).]
\scratchcounter=\count279
\scratchdimen=\dimen155
\scratchbox=\box98
\nofMPsegments=\count280
\nofMParguments=\count281
\everyMPshowfont=\toks19
\MPscratchCnt=\count282
\MPscratchDim=\dimen156
\MPnumerator=\count283
\makeMPintoPDFobject=\count284
\everyMPtoPDFconversion=\toks20
) (D:\Universidad\Latex\tex/latex/epstopdf-pkg\epstopdf-base.sty
Package: epstopdf-base 2020-01-24 v2.11 Base part for package epstopdf
Package epstopdf-base Info: Redefining graphics rule for `.eps' on input line 485.
 (D:\Universidad\Latex\tex/latex/00miktex\epstopdf-sys.cfg
File: epstopdf-sys.cfg 2021/03/18 v2.0 Configuration of epstopdf for MiKTeX
))
\c@lstlisting=\count285
<servers.pdf, id=1, 467.346pt x 279.444pt>
File: servers.pdf Graphic file (type pdf)
<use servers.pdf>
Package pdftex.def Info: servers.pdf  used on input line 49.
(pdftex.def)             Requested size: 431.25pt x 257.8591pt.

Overfull \hbox (86.25pt too wide) in paragraph at lines 49--50
 [][] 
 []

LaTeX Font Info:    External font `cmex10' loaded for size
(Font)              <12> on input line 51.
LaTeX Font Info:    External font `cmex10' loaded for size
(Font)              <8> on input line 51.
LaTeX Font Info:    External font `cmex10' loaded for size
(Font)              <6> on input line 51.
<logoEtsiit.pdf, id=2, 329.73187pt x 427.5975pt>
File: logoEtsiit.pdf Graphic file (type pdf)
<use logoEtsiit.pdf>
Package pdftex.def Info: logoEtsiit.pdf  used on input line 54.
(pdftex.def)             Requested size: 86.25pt x 111.84476pt.
[1

{C:/Users/rauld/AppData/Local/MiKTeX/pdftex/config/pdftex.map} <./servers.pdf> <./logoEtsiit.pdf>] (Practica3.toc
LaTeX Info: Redefining \. on input line 1.
LaTeX Info: Redefining \% on input line 1.
LaTeX Font Info:    External font `cmex10' loaded for size
(Font)              <7> on input line 3.
LaTeX Font Info:    External font `cmex10' loaded for size
(Font)              <5> on input line 3.
)
\tf@toc=\write3
\openout3 = `Practica3.toc'.

 [2]
LaTeX Font Info:    Trying to load font information for OML+cmr on input line 88.
 (D:\Universidad\Latex\tex/latex/base\omlcmr.fd
File: omlcmr.fd 2019/12/16 v2.5j Standard LaTeX font definitions
)
LaTeX Font Info:    Font shape `OML/cmr/m/n' in size <8> not available
(Font)              Font shape `OML/cmm/m/it' tried instead on input line 88.
LaTeX Font Info:    Trying to load font information for OMS+cmr on input line 96.
 (D:\Universidad\Latex\tex/latex/base\omscmr.fd
File: omscmr.fd 2019/12/16 v2.5j Standard LaTeX font definitions
)
LaTeX Font Info:    Font shape `OMS/cmr/m/n' in size <8> not available
(Font)              Font shape `OMS/cmsy/m/n' tried instead on input line 96.
<htop de mysql.png, id=15, 606.01407pt x 505.89pt>
File: htop de mysql.png Graphic file (type png)
<use htop de mysql.png>
Package pdftex.def Info: htop de mysql.png  used on input line 102.
(pdftex.def)             Requested size: 345.0pt x 288.0052pt.
 [3]
Overfull \hbox (14.6118pt too wide) in paragraph at lines 123--125
\OT1/cmr/m/n/10 Ademas de es-to, hay que cam-biar tam-bien el ar-chi-vo /et-c/ph-p/7.4/apache2/php.ini,
 []

[4 <./htop de mysql.png>]
LaTeX Font Info:    Font shape `OML/cmr/m/n' in size <10> not available
(Font)              Font shape `OML/cmm/m/it' tried instead on input line 140.

Overfull \hbox (2.22083pt too wide) in paragraph at lines 141--142
[]\OT1/cmr/m/n/10 Introducimos la con-tra-se~na de la BD -\OML/cmm/m/it/10 >\OT1/cmr/m/n/10 Next Step 
 []

[5] (Practica3.aux
LaTeX Info: Redefining \. on input line 8.
LaTeX Info: Redefining \% on input line 8.
) ) 
Here is how much of TeX's memory you used:
 4875 strings out of 478699
 73111 string characters out of 2858265
 709221 words of memory out of 3000000
 22935 multiletter control sequences out of 15000+600000
 408375 words of font info for 43 fonts, out of 8000000 for 9000
 1141 hyphenation exceptions out of 8191
 55i,7n,62p,244b,1306s stack positions out of 5000i,500n,10000p,200000b,80000s
 <C:\Users\rauld\AppData\Local\MiKTeX\fonts/pk/ljfour/jknappen/ec/dpi600\tcrm0800.pk><D:/Universidad/Latex/fonts/type1/public/amsfonts/cm/cmbx10.pfb><D:/Universidad/Latex/fonts/type1/public/amsfonts/cm/cmbx12.pfb><D:/Universidad/Latex/fonts/type1/public/amsfonts/cm/cmmi10.pfb><D:/Universidad/Latex/fonts/type1/public/amsfonts/cm/cmmi8.pfb><D:/Universidad/Latex/fonts/type1/public/amsfonts/cm/cmr10.pfb><D:/Universidad/Latex/fonts/type1/public/amsfonts/cm/cmr12.pfb><D:/Universidad/Latex/fonts/type1/public/amsfonts/cm/cmr17.pfb><D:/Universidad/Latex/fonts/type1/public/amsfonts/cm/cmr8.pfb><D:/Universidad/Latex/fonts/type1/public/amsfonts/cm/cmsl10.pfb><D:/Universidad/Latex/fonts/type1/public/amsfonts/cm/cmsy8.pfb>
Output written on Practica3.pdf (5 pages, 311296 bytes).
PDF statistics:
 80 PDF objects out of 1000 (max. 8388607)
 0 named destinations out of 1000 (max. 500000)
 16 words of extra memory for PDF output out of 10000 (max. 10000000)

